<?xml version="1.0" encoding="UTF-8"?>
<!-- Generated by org.testng.reporters.JUnitReportReporter -->
<testsuite hostname="sushil-HP-Notebook" failures="0" tests="4" name="com.scc.qa.testcases.LoginPageTest" time="29.629" errors="0" timestamp="2021-07-23T17:10:45 IST" skipped="0">
  <testcase classname="com.scc.qa.testcases.LoginPageTest" name="verifyErrorMessageWithoutCredentialTest" time="5.040"/>
  <system-out/>
  <testcase classname="com.scc.qa.testcases.LoginPageTest" name="verifyErrorMessageWithoutPasswordTest" time="5.863"/>
  <system-out/>
  <testcase classname="com.scc.qa.testcases.LoginPageTest" name="verifyErrorMessageWithoutUsernameTest" time="5.589"/>
  <system-out/>
  <testcase classname="com.scc.qa.testcases.LoginPageTest" name="loginTest" time="13.137"/>
  <system-out/>
</testsuite> <!-- com.scc.qa.testcases.LoginPageTest -->
