<?xml version="1.0" encoding="UTF-8"?>
<!-- Generated by org.testng.reporters.JUnitReportReporter -->
<testsuite hostname="sushil-HP-Notebook" failures="0" tests="1" name="com.scc.qa.testcases.SearchPageTest" time="16.721" errors="0" timestamp="2021-07-23T17:10:45 IST" skipped="0">
  <testcase classname="com.scc.qa.testcases.SearchPageTest" name="verifySearchPageURLTest" time="16.721"/>
  <system-out/>
</testsuite> <!-- com.scc.qa.testcases.SearchPageTest -->
