<?xml version="1.0" encoding="UTF-8"?>
<!-- Generated by org.testng.reporters.JUnitReportReporter -->
<testsuite hostname="sushil-HP-Notebook" failures="0" tests="4" name="com.scc.qa.testcases.DashboardPageTest" time="56.036" errors="0" timestamp="2021-07-23T17:10:45 IST" skipped="0">
  <testcase classname="com.scc.qa.testcases.DashboardPageTest" name="verifyDashboardTitileTest" time="10.980"/>
  <system-out/>
  <testcase classname="com.scc.qa.testcases.DashboardPageTest" name="verifyCompanyLogoTest" time="15.245"/>
  <system-out/>
  <testcase classname="com.scc.qa.testcases.DashboardPageTest" name="verifyDashboardTaglineTest" time="13.105"/>
  <system-out/>
  <testcase classname="com.scc.qa.testcases.DashboardPageTest" name="verifyWordSearchTileTest" time="16.706"/>
  <system-out/>
</testsuite> <!-- com.scc.qa.testcases.DashboardPageTest -->
