<?xml version="1.0" encoding="UTF-8"?>
<!-- Generated by org.testng.reporters.JUnitReportReporter -->
<testsuite hostname="sushil-HP-Notebook" failures="0" tests="1" name="com.scc.qa.testcases.Testing" time="0.023" errors="0" timestamp="2024-05-19T20:14:40 IST" skipped="0">
  <testcase classname="com.scc.qa.testcases.Testing" name="checkParasValue" time="0.023"/>
  <system-out/>
</testsuite> <!-- com.scc.qa.testcases.Testing -->
