<?xml version="1.0" encoding="UTF-8"?>
<!-- Generated by org.testng.reporters.JUnitReportReporter -->
<testsuite hostname="sushil-HP-Notebook" failures="0" tests="4" name="com.scc.qa.testcases.BrowseCuratedPageTest" time="55.848" errors="0" timestamp="2021-07-23T17:10:45 IST" skipped="0">
  <testcase classname="com.scc.qa.testcases.BrowseCuratedPageTest" name="verifyBrowseCuratedSubTilesVisibleTest" time="14.693"/>
  <system-out/>
  <testcase classname="com.scc.qa.testcases.BrowseCuratedPageTest" name="verifyBrowseCuratedHeaderTest" time="14.580"/>
  <system-out/>
  <testcase classname="com.scc.qa.testcases.BrowseCuratedPageTest" name="verifyBrowseCuratedTileTest" time="13.239"/>
  <system-out/>
  <testcase classname="com.scc.qa.testcases.BrowseCuratedPageTest" name="verifyBrowseCuratedSubTilesCountTest" time="13.336"/>
  <system-out/>
</testsuite> <!-- com.scc.qa.testcases.BrowseCuratedPageTest -->
